<?xml version="1.0" encoding="UTF-8"?>
<!-- Generated by org.testng.reporters.JUnitReportReporter -->
<testsuite hostname="DESKTOP-5UJQLFP" failures="0" tests="7" name="tests.TestToDo" time="7.663" errors="0" timestamp="2024-02-12T19:39:58 ART" skipped="0">
  <testcase classname="tests.TestToDo" name="login" time="7.511"/>
  <testcase classname="tests.TestToDo" name="buyProduct" time="0.008"/>
  <testcase classname="tests.TestToDo" name="viewFullCart" time="0.022"/>
  <testcase classname="tests.TestToDo" name="personalInformation" time="0.018"/>
  <testcase classname="tests.TestToDo" name="confirmInformationCheckout" time="0.057"/>
  <testcase classname="tests.TestToDo" name="checkOutComplete" time="0.014"/>
  <testcase classname="tests.TestToDo" name="logout" time="0.033"/>
</testsuite> <!-- tests.TestToDo -->
