<?xml version="1.0" encoding="UTF-8"?>
<!-- Generated by org.testng.reporters.JUnitReportReporter -->
<testsuite hostname="DESKTOP-5UJQLFP" failures="0" tests="9" name="tests.TestToDo" time="24.056" errors="0" timestamp="2024-02-13T13:19:54 ART" skipped="0">
  <testcase classname="tests.TestToDo" name="removeProduct" time="3.263"/>
  <testcase classname="tests.TestToDo" name="checkProductCount" time="1.250"/>
  <testcase classname="tests.TestToDo" name="login" time="5.027"/>
  <testcase classname="tests.TestToDo" name="buyProduct" time="1.870"/>
  <testcase classname="tests.TestToDo" name="viewFullCart" time="1.671"/>
  <testcase classname="tests.TestToDo" name="personalInformation" time="3.618"/>
  <testcase classname="tests.TestToDo" name="confirmInformationCheckout" time="2.326"/>
  <testcase classname="tests.TestToDo" name="checkOutComplete" time="1.611"/>
  <testcase classname="tests.TestToDo" name="logout" time="3.420"/>
</testsuite> <!-- tests.TestToDo -->
