<?xml version="1.0" encoding="UTF-8"?>
<!-- Generated by org.testng.reporters.JUnitReportReporter -->
<testsuite hostname="DESKTOP-5UJQLFP" failures="0" tests="5" name="EducacionIT.SwagLabs.SwagLabsPage" time="66.545" errors="0" timestamp="2024-01-31T16:12:16 ART" skipped="0">
  <testcase classname="EducacionIT.SwagLabs.SwagLabsPage" name="login" time="6.357"/>
  <testcase classname="EducacionIT.SwagLabs.SwagLabsPage" name="buyProducts" time="8.406"/>
  <testcase classname="EducacionIT.SwagLabs.SwagLabsPage" name="sortProductsByPrice" time="0.498"/>
  <testcase classname="EducacionIT.SwagLabs.SwagLabsPage" name="productCount" time="2.126"/>
  <testcase classname="EducacionIT.SwagLabs.SwagLabsPage" name="aboutPanel" time="49.158"/>
</testsuite> <!-- EducacionIT.SwagLabs.SwagLabsPage -->
