<?xml version="1.0" encoding="UTF-8"?>
<!-- Generated by org.testng.reporters.JUnitReportReporter -->
<testsuite hostname="DESKTOP-5UJQLFP" failures="0" tests="1" name="EducacionIT.SwagLabs.AppTest" time="0.079" errors="0" timestamp="2024-01-29T17:51:51 ART" skipped="0">
  <testcase classname="EducacionIT.SwagLabs.AppTest" name="testApp" time="0.079"/>
</testsuite> <!-- EducacionIT.SwagLabs.AppTest -->
