<?xml version="1.0" encoding="UTF-8"?>
<!-- Generated by org.testng.reporters.JUnitReportReporter -->
<testsuite hostname="DESKTOP-5UJQLFP" failures="0" tests="6" name="tests.TestToDo" time="17.236" errors="0" timestamp="2024-02-02T12:04:40 ART" skipped="0">
  <testcase classname="tests.TestToDo" name="login" time="8.238"/>
  <testcase classname="tests.TestToDo" name="buyProduct" time="1.666"/>
  <testcase classname="tests.TestToDo" name="viewFullCart" time="1.397"/>
  <testcase classname="tests.TestToDo" name="personalInformation" time="1.693"/>
  <testcase classname="tests.TestToDo" name="confirmInformationCheckout" time="2.345"/>
  <testcase classname="tests.TestToDo" name="checkOutComplete" time="1.897"/>
</testsuite> <!-- tests.TestToDo -->
