<?xml version="1.0" encoding="UTF-8"?>
<!-- Generated by org.testng.reporters.JUnitReportReporter -->
<testsuite hostname="DESKTOP-5UJQLFP" failures="0" tests="6" name="tests.TestToDo" time="17.190" errors="0" timestamp="2024-02-01T11:10:10 ART" skipped="0">
  <testcase classname="tests.TestToDo" name="login" time="8.325"/>
  <testcase classname="tests.TestToDo" name="buyProduct" time="2.079"/>
  <testcase classname="tests.TestToDo" name="viewFullCart" time="1.428"/>
  <testcase classname="tests.TestToDo" name="personalInformation" time="1.566"/>
  <testcase classname="tests.TestToDo" name="confirmInformationCheckout" time="2.357"/>
  <testcase classname="tests.TestToDo" name="checkOutComplete" time="1.435"/>
</testsuite> <!-- tests.TestToDo -->
