<?xml version="1.0" encoding="UTF-8"?>
<!-- Generated by org.testng.reporters.JUnitReportReporter -->
<testsuite hostname="DESKTOP-5UJQLFP" failures="0" tests="9" name="tests.TestToDo" time="21.031" errors="0" timestamp="2024-02-13T18:23:06 ART" skipped="0">
  <testcase classname="tests.TestToDo" name="checkProductCount" time="1.180"/>
  <testcase classname="tests.TestToDo" name="removeProduct" time="0.019"/>
  <testcase classname="tests.TestToDo" name="login" time="5.130"/>
  <testcase classname="tests.TestToDo" name="buyProduct" time="1.465"/>
  <testcase classname="tests.TestToDo" name="viewFullCart" time="1.279"/>
  <testcase classname="tests.TestToDo" name="personalInformation" time="4.209"/>
  <testcase classname="tests.TestToDo" name="confirmInformationCheckout" time="2.096"/>
  <testcase classname="tests.TestToDo" name="checkOutComplete" time="1.501"/>
  <testcase classname="tests.TestToDo" name="logout" time="4.152"/>
</testsuite> <!-- tests.TestToDo -->
