<?xml version="1.0" encoding="UTF-8"?>
<!-- Generated by org.testng.reporters.JUnitReportReporter -->
<testsuite hostname="DESKTOP-5UJQLFP" failures="0" tests="1" name="tests.Test" time="2.477" errors="0" timestamp="2024-02-01T07:39:47 ART" skipped="0">
  <testcase classname="tests.Test" name="login" time="2.477"/>
</testsuite> <!-- tests.Test -->
